<?xml version="1.0" encoding="UTF-8"?>
<testng-results skipped="0" failed="1" ignored="0" total="3" passed="2">
  <reporter-output>
  </reporter-output>
  <suite name="Default suite" duration-ms="60666" started-at="2022-03-08T15:45:00 IST" finished-at="2022-03-08T15:46:01 IST">
    <groups>
    </groups>
    <test name="Default test" duration-ms="60666" started-at="2022-03-08T15:45:00 IST" finished-at="2022-03-08T15:46:01 IST">
      <class name="TestPack.CompareResult">
        <test-method status="PASS" signature="TempCompare(java.lang.String,java.lang.String,java.lang.String)[pri:0, instance:TestPack.CompareResult@163e4e87]" name="TempCompare" duration-ms="23573" started-at="2022-03-08T15:45:01 IST" data-provider="cityData" finished-at="2022-03-08T15:45:24 IST">
          <params>
            <param index="0">
              <value>
                <![CDATA[Y]]>
              </value>
            </param>
            <param index="1">
              <value>
                <![CDATA[Chrome]]>
              </value>
            </param>
            <param index="2">
              <value>
                <![CDATA[Salem]]>
              </value>
            </param>
          </params>
          <reporter-output>
          </reporter-output>
        </test-method> <!-- TempCompare -->
        <test-method status="FAIL" signature="TempCompare(java.lang.String,java.lang.String,java.lang.String)[pri:0, instance:TestPack.CompareResult@163e4e87]" name="TempCompare" duration-ms="18459" started-at="2022-03-08T15:45:24 IST" data-provider="cityData" finished-at="2022-03-08T15:45:43 IST">
          <params>
            <param index="0">
              <value>
                <![CDATA[Y]]>
              </value>
            </param>
            <param index="1">
              <value>
                <![CDATA[Chrome]]>
              </value>
            </param>
            <param index="2">
              <value>
                <![CDATA[Namakkal]]>
              </value>
            </param>
          </params>
          <exception class="java.lang.AssertionError">
            <message>
              <![CDATA[Temperatures are not equal]]>
            </message>
            <full-stacktrace>
              <![CDATA[java.lang.AssertionError: Temperatures are not equal
at org.testng.Assert.fail(Assert.java:99)
at Pages.WeatherPage.getAPIValue(WeatherPage.java:75)
at Pages.WeatherPage.getUITempValue(WeatherPage.java:58)
at TestPack.CompareResult.TempCompare(CompareResult.java:40)
at sun.reflect.NativeMethodAccessorImpl.invoke0(Native Method)
at sun.reflect.NativeMethodAccessorImpl.invoke(NativeMethodAccessorImpl.java:62)
at sun.reflect.DelegatingMethodAccessorImpl.invoke(DelegatingMethodAccessorImpl.java:43)
at java.lang.reflect.Method.invoke(Method.java:498)
at org.testng.internal.MethodInvocationHelper.invokeMethod(MethodInvocationHelper.java:133)
at org.testng.internal.TestInvoker.invokeMethod(TestInvoker.java:598)
at org.testng.internal.TestInvoker.invokeTestMethod(TestInvoker.java:173)
at org.testng.internal.MethodRunner.runInSequence(MethodRunner.java:46)
at org.testng.internal.TestInvoker$MethodInvocationAgent.invoke(TestInvoker.java:824)
at org.testng.internal.TestInvoker.invokeTestMethods(TestInvoker.java:146)
at org.testng.internal.TestMethodWorker.invokeTestMethods(TestMethodWorker.java:146)
at org.testng.internal.TestMethodWorker.run(TestMethodWorker.java:128)
at java.util.ArrayList.forEach(ArrayList.java:1257)
at org.testng.TestRunner.privateRun(TestRunner.java:794)
at org.testng.TestRunner.run(TestRunner.java:596)
at org.testng.SuiteRunner.runTest(SuiteRunner.java:377)
at org.testng.SuiteRunner.runSequentially(SuiteRunner.java:371)
at org.testng.SuiteRunner.privateRun(SuiteRunner.java:332)
at org.testng.SuiteRunner.run(SuiteRunner.java:276)
at org.testng.SuiteRunnerWorker.runSuite(SuiteRunnerWorker.java:53)
at org.testng.SuiteRunnerWorker.run(SuiteRunnerWorker.java:96)
at org.testng.TestNG.runSuitesSequentially(TestNG.java:1212)
at org.testng.TestNG.runSuitesLocally(TestNG.java:1134)
at org.testng.TestNG.runSuites(TestNG.java:1063)
at org.testng.TestNG.run(TestNG.java:1031)
at org.testng.remote.AbstractRemoteTestNG.run(AbstractRemoteTestNG.java:115)
at org.testng.remote.RemoteTestNG.initAndRun(RemoteTestNG.java:251)
at org.testng.remote.RemoteTestNG.main(RemoteTestNG.java:77)
]]>
            </full-stacktrace>
          </exception> <!-- java.lang.AssertionError -->
          <reporter-output>
          </reporter-output>
        </test-method> <!-- TempCompare -->
        <test-method status="PASS" signature="TempCompare(java.lang.String,java.lang.String,java.lang.String)[pri:0, instance:TestPack.CompareResult@163e4e87]" name="TempCompare" duration-ms="17601" started-at="2022-03-08T15:45:43 IST" data-provider="cityData" finished-at="2022-03-08T15:46:01 IST">
          <params>
            <param index="0">
              <value>
                <![CDATA[Y]]>
              </value>
            </param>
            <param index="1">
              <value>
                <![CDATA[Chrome]]>
              </value>
            </param>
            <param index="2">
              <value>
                <![CDATA[Erode]]>
              </value>
            </param>
          </params>
          <reporter-output>
          </reporter-output>
        </test-method> <!-- TempCompare -->
        <test-method status="PASS" signature="close()[pri:0, instance:TestPack.CompareResult@163e4e87]" name="close" is-config="true" duration-ms="484" started-at="2022-03-08T15:46:01 IST" finished-at="2022-03-08T15:46:01 IST">
          <reporter-output>
          </reporter-output>
        </test-method> <!-- close -->
        <test-method status="PASS" signature="openReport()[pri:0, instance:TestPack.CompareResult@163e4e87]" name="openReport" is-config="true" duration-ms="309" started-at="2022-03-08T15:46:01 IST" finished-at="2022-03-08T15:46:01 IST">
          <reporter-output>
          </reporter-output>
        </test-method> <!-- openReport -->
      </class> <!-- TestPack.CompareResult -->
    </test> <!-- Default test -->
  </suite> <!-- Default suite -->
</testng-results>
